<?xml version="1.0" encoding="UTF-8"?>
<!-- Generated by org.testng.reporters.JUnitReportReporter -->
<testsuite hostname="BODHPLAPTOP" name="sprint12.US1202_Level4Access" tests="5" failures="0" timestamp="21 Jan 2016 20:22:36 GMT" time="315.196" errors="0">
  <testcase name="sprint12_US1202_TC2140" time="31.912" classname="sprint12.US1202_Level4Access"/>
  <testcase name="sprint12_US1202_TC2141" time="28.019" classname="sprint12.US1202_Level4Access"/>
  <testcase name="sprint12_US1202_TC2144" time="84.749" classname="sprint12.US1202_Level4Access"/>
  <testcase name="sprint12_US1202_TC2142" time="86.483" classname="sprint12.US1202_Level4Access"/>
  <testcase name="sprint12_US1202_TC2143" time="84.033" classname="sprint12.US1202_Level4Access"/>
</testsuite> <!-- sprint12.US1202_Level4Access -->
